<?xml version="1.0" encoding="UTF-8"?>
<testng-results ignored="0" total="0" passed="0" failed="0" skipped="0">
  <reporter-output>
  </reporter-output>
  <suite started-at="2022-11-16T18:38:37 IST" name="Default suite" finished-at="2022-11-16T18:38:37 IST" duration-ms="13">
    <groups>
    </groups>
    <test started-at="2022-11-16T18:38:37 IST" name="Default test" finished-at="2022-11-16T18:38:37 IST" duration-ms="13">
      <class name="testcases.BaseTest">
        <test-method is-config="true" signature="initBrowser()[pri:0, instance:testcases.BaseTest@791f145a]" started-at="2022-11-16T18:38:35 IST" name="initBrowser" finished-at="2022-11-16T18:38:37 IST" duration-ms="2246" status="PASS">
          <reporter-output>
          </reporter-output>
        </test-method> <!-- initBrowser -->
      </class> <!-- testcases.BaseTest -->
    </test> <!-- Default test -->
  </suite> <!-- Default suite -->
</testng-results>
